c:\program files (x86)\primesense\nite\samples\players\win32debug\vc120.pdb
c:\program files (x86)\primesense\nite\samples\players\win32debug\vc120.idb
c:\program files (x86)\primesense\nite\samples\players\win32debug\scenedrawer.obj
c:\program files (x86)\primesense\nite\samples\players\win32debug\main.obj
c:\program files (x86)\primesense\nite\samples\bin\debug\sample-players.exe
c:\program files (x86)\primesense\nite\samples\bin\debug\sample-players.pdb
c:\program files (x86)\primesense\nite\samples\players\win32debug\nite.res
c:\program files (x86)\primesense\nite\samples\players\win32debug\sample-players.exe.intermediate.manifest
c:\program files (x86)\primesense\nite\samples\players\win32debug\vc90.idb
c:\program files (x86)\primesense\nite\samples\players\win32debug\vc90.pdb
c:\program files (x86)\primesense\nite\samples\players\..\bin\debug\sample-players.exe
c:\program files (x86)\primesense\nite\samples\players\win32debug\players.tlog\cl.command.1.tlog
c:\program files (x86)\primesense\nite\samples\players\win32debug\players.tlog\cl.read.1.tlog
c:\program files (x86)\primesense\nite\samples\players\win32debug\players.tlog\cl.write.1.tlog
c:\program files (x86)\primesense\nite\samples\players\win32debug\players.tlog\link.command.1.tlog
c:\program files (x86)\primesense\nite\samples\players\win32debug\players.tlog\link.read.1.tlog
c:\program files (x86)\primesense\nite\samples\players\win32debug\players.tlog\link.write.1.tlog
c:\program files (x86)\primesense\nite\samples\players\win32debug\players.tlog\rc.command.1.tlog
c:\program files (x86)\primesense\nite\samples\players\win32debug\players.tlog\rc.read.1.tlog
c:\program files (x86)\primesense\nite\samples\players\win32debug\players.tlog\rc.write.1.tlog
